info it worked if it ends with ok
verbose cli [ 'C:\\Program Files\\nodejs\\\\node.exe',
verbose cli   'C:\\Program Files\\nodejs\\node_modules\\npm\\bin\\npm-cli.js',
verbose cli   'install',
verbose cli   'amplify' ]
info using npm@1.1.24
info using node@v0.6.19
verbose C:\Program Files\nodejs\\node.exe node symlink
verbose config file C:\Users\alexander.beletsky\.npmrc
verbose config file C:\Program Files\nodejs\etc\npmrc
verbose config file C:\Program Files\nodejs\node_modules\npm\npmrc
verbose caching D:\Development\Projects\canteen\package.json
verbose loadDefaults application-name@0.0.1
verbose caching D:\Development\Projects\canteen\node_modules\backbone\package.json
verbose caching D:\Development\Projects\canteen\node_modules\express\package.json
verbose caching D:\Development\Projects\canteen\node_modules\jade\package.json
verbose caching D:\Development\Projects\canteen\node_modules\requirejs\package.json
verbose caching D:\Development\Projects\canteen\node_modules\socket.io\package.json
verbose from cache D:\Development\Projects\canteen\package.json
verbose readDependencies: using package.json deps
verbose cache add [ 'amplify', null ]
silly cache add: name, spec, args [ undefined, 'amplify', [ 'amplify', null ] ]
verbose parsed url { pathname: 'amplify', path: 'amplify', href: 'amplify' }
verbose addNamed [ 'amplify', '' ]
verbose addNamed [ null, '' ]
silly name, range, hasData [ 'amplify', '', false ]
verbose raw, before any munging amplify
verbose url resolving [ 'https://registry.npmjs.org/', './amplify' ]
verbose url resolved https://registry.npmjs.org/amplify
http GET https://registry.npmjs.org/amplify
http 404 https://registry.npmjs.org/amplify
silly get cb [ 404,
silly get cb   { server: 'CouchDB/1.2.0 (Erlang OTP/R15B)',
silly get cb     date: 'Sat, 16 Jun 2012 15:58:26 GMT',
silly get cb     'content-type': 'application/json',
silly get cb     'content-length': '52',
silly get cb     'cache-control': 'must-revalidate' } ]
ERR! 404 'amplify' is not in the npm registry.
ERR! 404 You should bug the author to publish it
ERR! 404 Note that you can also install from a
ERR! 404 tarball, folder, or http url, or git url.
ERR! 
ERR! System Windows_NT 6.1.7601
ERR! command "C:\\Program Files\\nodejs\\\\node.exe" "C:\\Program Files\\nodejs\\node_modules\\npm\\bin\\npm-cli.js" "install" "amplify"
ERR! cwd D:\Development\Projects\canteen
ERR! node -v v0.6.19
ERR! npm -v 1.1.24
ERR! code E404
ERR! message 404 Not Found: amplify
ERR! errno {}
verbose exit [ 1, true ]
